[35m[1mScanning dependencies of target _global_planner_generate_messages_check_deps_World2FrenetService[0m
[35m[1mScanning dependencies of target _global_planner_generate_messages_check_deps_Frenet2WorldService[0m
[35m[1mScanning dependencies of target std_msgs_generate_messages_eus[0m
[35m[1mScanning dependencies of target geometry_msgs_generate_messages_lisp[0m
[35m[1mScanning dependencies of target std_msgs_generate_messages_py[0m
[35m[1mScanning dependencies of target nav_msgs_generate_messages_py[0m
[35m[1mScanning dependencies of target geometry_msgs_generate_messages_cpp[0m
[35m[1mScanning dependencies of target nav_msgs_generate_messages_lisp[0m
[35m[1mScanning dependencies of target geometry_msgs_generate_messages_eus[0m
[35m[1mScanning dependencies of target _global_planner_generate_messages_check_deps_FrenetPose[0m
[35m[1mScanning dependencies of target nav_msgs_generate_messages_eus[0m
[35m[1mScanning dependencies of target _global_planner_generate_messages_check_deps_WorldPose[0m
[35m[1mScanning dependencies of target geometry_msgs_generate_messages_py[0m
[35m[1mScanning dependencies of target nav_msgs_generate_messages_cpp[0m
[35m[1mScanning dependencies of target std_msgs_generate_messages_lisp[0m
[35m[1mScanning dependencies of target std_msgs_generate_messages_cpp[0m
[35m[1mScanning dependencies of target geometry_msgs_generate_messages_nodejs[0m
[  0%] Built target nav_msgs_generate_messages_py
[  0%] Built target geometry_msgs_generate_messages_eus
[  0%] Built target nav_msgs_generate_messages_eus
[  0%] Built target std_msgs_generate_messages_lisp
[  0%] Built target geometry_msgs_generate_messages_lisp
[  0%] Built target std_msgs_generate_messages_eus
[  0%] Built target std_msgs_generate_messages_py
[  0%] Built target geometry_msgs_generate_messages_py
[  0%] Built target geometry_msgs_generate_messages_nodejs
[  0%] Built target std_msgs_generate_messages_cpp
[  0%] Built target nav_msgs_generate_messages_lisp
[35m[1mScanning dependencies of target nav_msgs_generate_messages_nodejs[0m
[  0%] Built target geometry_msgs_generate_messages_cpp
[  0%] Built target nav_msgs_generate_messages_cpp
[35m[1mScanning dependencies of target std_msgs_generate_messages_nodejs[0m
[  0%] Built target nav_msgs_generate_messages_nodejs
[  0%] Built target std_msgs_generate_messages_nodejs
[  0%] Built target _global_planner_generate_messages_check_deps_Frenet2WorldService
[  0%] Built target _global_planner_generate_messages_check_deps_WorldPose
[  0%] Built target _global_planner_generate_messages_check_deps_FrenetPose
[  0%] Built target _global_planner_generate_messages_check_deps_World2FrenetService
[35m[1mScanning dependencies of target global_planner_generate_messages_py[0m
[35m[1mScanning dependencies of target global_planner_generate_messages_lisp[0m
[35m[1mScanning dependencies of target global_planner_generate_messages_cpp[0m
[35m[1mScanning dependencies of target global_planner_generate_messages_nodejs[0m
[  4%] [34m[1mGenerating Python from MSG global_planner/FrenetPose[0m
[  8%] [34m[1mGenerating Python code from SRV global_planner/World2FrenetService[0m
[ 13%] [34m[1mGenerating Python code from SRV global_planner/Frenet2WorldService[0m
[ 17%] [34m[1mGenerating Lisp code from global_planner/WorldPose.msg[0m
[ 26%] [34m[1mGenerating Lisp code from global_planner/Frenet2WorldService.srv[0m
[ 26%] [34m[1mGenerating Lisp code from global_planner/World2FrenetService.srv[0m
[ 34%] [34m[1mGenerating Python from MSG global_planner/WorldPose[0m
[ 34%] [34m[1mGenerating Lisp code from global_planner/FrenetPose.msg[0m
[ 39%] [34m[1mGenerating C++ code from global_planner/WorldPose.msg[0m
[ 43%] [34m[1mGenerating C++ code from global_planner/Frenet2WorldService.srv[0m
[ 47%] [34m[1mGenerating C++ code from global_planner/FrenetPose.msg[0m
[35m[1mScanning dependencies of target global_planner_generate_messages_eus[0m
[ 52%] [34m[1mGenerating Javascript code from global_planner/WorldPose.msg[0m
[ 56%] [34m[1mGenerating EusLisp code from global_planner/WorldPose.msg[0m
[ 60%] [34m[1mGenerating C++ code from global_planner/World2FrenetService.srv[0m
[ 65%] [34m[1mGenerating EusLisp code from global_planner/FrenetPose.msg[0m
[ 69%] [34m[1mGenerating EusLisp code from global_planner/Frenet2WorldService.srv[0m
[ 73%] [34m[1mGenerating Javascript code from global_planner/FrenetPose.msg[0m
[ 78%] [34m[1mGenerating Javascript code from global_planner/Frenet2WorldService.srv[0m
[ 82%] [34m[1mGenerating EusLisp code from global_planner/World2FrenetService.srv[0m
[ 82%] Built target global_planner_generate_messages_lisp
[ 86%] [34m[1mGenerating EusLisp manifest code for global_planner[0m
[ 91%] [34m[1mGenerating Javascript code from global_planner/World2FrenetService.srv[0m
[ 95%] [34m[1mGenerating Python msg __init__.py for global_planner[0m
[100%] [34m[1mGenerating Python srv __init__.py for global_planner[0m
[100%] Built target global_planner_generate_messages_cpp
[100%] Built target global_planner_generate_messages_nodejs
[100%] Built target global_planner_generate_messages_py
[100%] Built target global_planner_generate_messages_eus
[35m[1mScanning dependencies of target global_planner_generate_messages[0m
[100%] Built target global_planner_generate_messages
