Linked: (/home/adeeb/carla-ros-bridge/catkin_ws/devel/.private/global_planner/share/roseus/ros/global_planner/manifest.l, /home/adeeb/carla-ros-bridge/catkin_ws/devel/share/roseus/ros/global_planner/manifest.l)
Linked: (/home/adeeb/carla-ros-bridge/catkin_ws/devel/.private/global_planner/share/roseus/ros/global_planner/msg/WorldPose.l, /home/adeeb/carla-ros-bridge/catkin_ws/devel/share/roseus/ros/global_planner/msg/WorldPose.l)
Linked: (/home/adeeb/carla-ros-bridge/catkin_ws/devel/.private/global_planner/share/roseus/ros/global_planner/msg/FrenetPose.l, /home/adeeb/carla-ros-bridge/catkin_ws/devel/share/roseus/ros/global_planner/msg/FrenetPose.l)
Linked: (/home/adeeb/carla-ros-bridge/catkin_ws/devel/.private/global_planner/share/roseus/ros/global_planner/srv/Frenet2WorldService.l, /home/adeeb/carla-ros-bridge/catkin_ws/devel/share/roseus/ros/global_planner/srv/Frenet2WorldService.l)
Linked: (/home/adeeb/carla-ros-bridge/catkin_ws/devel/.private/global_planner/share/roseus/ros/global_planner/srv/World2FrenetService.l, /home/adeeb/carla-ros-bridge/catkin_ws/devel/share/roseus/ros/global_planner/srv/World2FrenetService.l)
Linked: (/home/adeeb/carla-ros-bridge/catkin_ws/devel/.private/global_planner/share/gennodejs/ros/global_planner/_index.js, /home/adeeb/carla-ros-bridge/catkin_ws/devel/share/gennodejs/ros/global_planner/_index.js)
Linked: (/home/adeeb/carla-ros-bridge/catkin_ws/devel/.private/global_planner/share/gennodejs/ros/global_planner/msg/FrenetPose.js, /home/adeeb/carla-ros-bridge/catkin_ws/devel/share/gennodejs/ros/global_planner/msg/FrenetPose.js)
Linked: (/home/adeeb/carla-ros-bridge/catkin_ws/devel/.private/global_planner/share/gennodejs/ros/global_planner/msg/WorldPose.js, /home/adeeb/carla-ros-bridge/catkin_ws/devel/share/gennodejs/ros/global_planner/msg/WorldPose.js)
Linked: (/home/adeeb/carla-ros-bridge/catkin_ws/devel/.private/global_planner/share/gennodejs/ros/global_planner/msg/_index.js, /home/adeeb/carla-ros-bridge/catkin_ws/devel/share/gennodejs/ros/global_planner/msg/_index.js)
Linked: (/home/adeeb/carla-ros-bridge/catkin_ws/devel/.private/global_planner/share/gennodejs/ros/global_planner/srv/Frenet2WorldService.js, /home/adeeb/carla-ros-bridge/catkin_ws/devel/share/gennodejs/ros/global_planner/srv/Frenet2WorldService.js)
Linked: (/home/adeeb/carla-ros-bridge/catkin_ws/devel/.private/global_planner/share/gennodejs/ros/global_planner/srv/World2FrenetService.js, /home/adeeb/carla-ros-bridge/catkin_ws/devel/share/gennodejs/ros/global_planner/srv/World2FrenetService.js)
Linked: (/home/adeeb/carla-ros-bridge/catkin_ws/devel/.private/global_planner/share/gennodejs/ros/global_planner/srv/_index.js, /home/adeeb/carla-ros-bridge/catkin_ws/devel/share/gennodejs/ros/global_planner/srv/_index.js)
Linked: (/home/adeeb/carla-ros-bridge/catkin_ws/devel/.private/global_planner/share/global_planner/cmake/global_planner-msg-extras.cmake, /home/adeeb/carla-ros-bridge/catkin_ws/devel/share/global_planner/cmake/global_planner-msg-extras.cmake)
Linked: (/home/adeeb/carla-ros-bridge/catkin_ws/devel/.private/global_planner/share/global_planner/cmake/global_planner-msg-paths.cmake, /home/adeeb/carla-ros-bridge/catkin_ws/devel/share/global_planner/cmake/global_planner-msg-paths.cmake)
Linked: (/home/adeeb/carla-ros-bridge/catkin_ws/devel/.private/global_planner/share/global_planner/cmake/global_plannerConfig-version.cmake, /home/adeeb/carla-ros-bridge/catkin_ws/devel/share/global_planner/cmake/global_plannerConfig-version.cmake)
Linked: (/home/adeeb/carla-ros-bridge/catkin_ws/devel/.private/global_planner/share/global_planner/cmake/global_plannerConfig.cmake, /home/adeeb/carla-ros-bridge/catkin_ws/devel/share/global_planner/cmake/global_plannerConfig.cmake)
Linked: (/home/adeeb/carla-ros-bridge/catkin_ws/devel/.private/global_planner/share/common-lisp/ros/global_planner/msg/WorldPose.lisp, /home/adeeb/carla-ros-bridge/catkin_ws/devel/share/common-lisp/ros/global_planner/msg/WorldPose.lisp)
Linked: (/home/adeeb/carla-ros-bridge/catkin_ws/devel/.private/global_planner/share/common-lisp/ros/global_planner/msg/global_planner-msg.asd, /home/adeeb/carla-ros-bridge/catkin_ws/devel/share/common-lisp/ros/global_planner/msg/global_planner-msg.asd)
Linked: (/home/adeeb/carla-ros-bridge/catkin_ws/devel/.private/global_planner/share/common-lisp/ros/global_planner/msg/_package_WorldPose.lisp, /home/adeeb/carla-ros-bridge/catkin_ws/devel/share/common-lisp/ros/global_planner/msg/_package_WorldPose.lisp)
Linked: (/home/adeeb/carla-ros-bridge/catkin_ws/devel/.private/global_planner/share/common-lisp/ros/global_planner/msg/FrenetPose.lisp, /home/adeeb/carla-ros-bridge/catkin_ws/devel/share/common-lisp/ros/global_planner/msg/FrenetPose.lisp)
Linked: (/home/adeeb/carla-ros-bridge/catkin_ws/devel/.private/global_planner/share/common-lisp/ros/global_planner/msg/_package_FrenetPose.lisp, /home/adeeb/carla-ros-bridge/catkin_ws/devel/share/common-lisp/ros/global_planner/msg/_package_FrenetPose.lisp)
Linked: (/home/adeeb/carla-ros-bridge/catkin_ws/devel/.private/global_planner/share/common-lisp/ros/global_planner/msg/_package.lisp, /home/adeeb/carla-ros-bridge/catkin_ws/devel/share/common-lisp/ros/global_planner/msg/_package.lisp)
Linked: (/home/adeeb/carla-ros-bridge/catkin_ws/devel/.private/global_planner/share/common-lisp/ros/global_planner/srv/_package_Frenet2WorldService.lisp, /home/adeeb/carla-ros-bridge/catkin_ws/devel/share/common-lisp/ros/global_planner/srv/_package_Frenet2WorldService.lisp)
Linked: (/home/adeeb/carla-ros-bridge/catkin_ws/devel/.private/global_planner/share/common-lisp/ros/global_planner/srv/Frenet2WorldService.lisp, /home/adeeb/carla-ros-bridge/catkin_ws/devel/share/common-lisp/ros/global_planner/srv/Frenet2WorldService.lisp)
Linked: (/home/adeeb/carla-ros-bridge/catkin_ws/devel/.private/global_planner/share/common-lisp/ros/global_planner/srv/World2FrenetService.lisp, /home/adeeb/carla-ros-bridge/catkin_ws/devel/share/common-lisp/ros/global_planner/srv/World2FrenetService.lisp)
Linked: (/home/adeeb/carla-ros-bridge/catkin_ws/devel/.private/global_planner/share/common-lisp/ros/global_planner/srv/_package_World2FrenetService.lisp, /home/adeeb/carla-ros-bridge/catkin_ws/devel/share/common-lisp/ros/global_planner/srv/_package_World2FrenetService.lisp)
Linked: (/home/adeeb/carla-ros-bridge/catkin_ws/devel/.private/global_planner/share/common-lisp/ros/global_planner/srv/global_planner-srv.asd, /home/adeeb/carla-ros-bridge/catkin_ws/devel/share/common-lisp/ros/global_planner/srv/global_planner-srv.asd)
Linked: (/home/adeeb/carla-ros-bridge/catkin_ws/devel/.private/global_planner/share/common-lisp/ros/global_planner/srv/_package.lisp, /home/adeeb/carla-ros-bridge/catkin_ws/devel/share/common-lisp/ros/global_planner/srv/_package.lisp)
Linked: (/home/adeeb/carla-ros-bridge/catkin_ws/devel/.private/global_planner/lib/python3/dist-packages/global_planner/__init__.py, /home/adeeb/carla-ros-bridge/catkin_ws/devel/lib/python3/dist-packages/global_planner/__init__.py)
Linked: (/home/adeeb/carla-ros-bridge/catkin_ws/devel/.private/global_planner/lib/python3/dist-packages/global_planner/msg/_FrenetPose.py, /home/adeeb/carla-ros-bridge/catkin_ws/devel/lib/python3/dist-packages/global_planner/msg/_FrenetPose.py)
Linked: (/home/adeeb/carla-ros-bridge/catkin_ws/devel/.private/global_planner/lib/python3/dist-packages/global_planner/msg/_WorldPose.py, /home/adeeb/carla-ros-bridge/catkin_ws/devel/lib/python3/dist-packages/global_planner/msg/_WorldPose.py)
Linked: (/home/adeeb/carla-ros-bridge/catkin_ws/devel/.private/global_planner/lib/python3/dist-packages/global_planner/msg/__init__.py, /home/adeeb/carla-ros-bridge/catkin_ws/devel/lib/python3/dist-packages/global_planner/msg/__init__.py)
Linked: (/home/adeeb/carla-ros-bridge/catkin_ws/devel/.private/global_planner/lib/python3/dist-packages/global_planner/srv/_Frenet2WorldService.py, /home/adeeb/carla-ros-bridge/catkin_ws/devel/lib/python3/dist-packages/global_planner/srv/_Frenet2WorldService.py)
Linked: (/home/adeeb/carla-ros-bridge/catkin_ws/devel/.private/global_planner/lib/python3/dist-packages/global_planner/srv/_World2FrenetService.py, /home/adeeb/carla-ros-bridge/catkin_ws/devel/lib/python3/dist-packages/global_planner/srv/_World2FrenetService.py)
Linked: (/home/adeeb/carla-ros-bridge/catkin_ws/devel/.private/global_planner/lib/python3/dist-packages/global_planner/srv/__init__.py, /home/adeeb/carla-ros-bridge/catkin_ws/devel/lib/python3/dist-packages/global_planner/srv/__init__.py)
Linked: (/home/adeeb/carla-ros-bridge/catkin_ws/devel/.private/global_planner/lib/global_planner/global_path_publisher.py, /home/adeeb/carla-ros-bridge/catkin_ws/devel/lib/global_planner/global_path_publisher.py)
Linked: (/home/adeeb/carla-ros-bridge/catkin_ws/devel/.private/global_planner/lib/global_planner/cmake.lock, /home/adeeb/carla-ros-bridge/catkin_ws/devel/lib/global_planner/cmake.lock)
Linked: (/home/adeeb/carla-ros-bridge/catkin_ws/devel/.private/global_planner/lib/global_planner/frenet_world_converter.py, /home/adeeb/carla-ros-bridge/catkin_ws/devel/lib/global_planner/frenet_world_converter.py)
Linked: (/home/adeeb/carla-ros-bridge/catkin_ws/devel/.private/global_planner/lib/pkgconfig/global_planner.pc, /home/adeeb/carla-ros-bridge/catkin_ws/devel/lib/pkgconfig/global_planner.pc)
Linked: (/home/adeeb/carla-ros-bridge/catkin_ws/devel/.private/global_planner/include/global_planner/Frenet2WorldServiceResponse.h, /home/adeeb/carla-ros-bridge/catkin_ws/devel/include/global_planner/Frenet2WorldServiceResponse.h)
Linked: (/home/adeeb/carla-ros-bridge/catkin_ws/devel/.private/global_planner/include/global_planner/Frenet2WorldService.h, /home/adeeb/carla-ros-bridge/catkin_ws/devel/include/global_planner/Frenet2WorldService.h)
Linked: (/home/adeeb/carla-ros-bridge/catkin_ws/devel/.private/global_planner/include/global_planner/World2FrenetService.h, /home/adeeb/carla-ros-bridge/catkin_ws/devel/include/global_planner/World2FrenetService.h)
Linked: (/home/adeeb/carla-ros-bridge/catkin_ws/devel/.private/global_planner/include/global_planner/World2FrenetServiceRequest.h, /home/adeeb/carla-ros-bridge/catkin_ws/devel/include/global_planner/World2FrenetServiceRequest.h)
Linked: (/home/adeeb/carla-ros-bridge/catkin_ws/devel/.private/global_planner/include/global_planner/WorldPose.h, /home/adeeb/carla-ros-bridge/catkin_ws/devel/include/global_planner/WorldPose.h)
Linked: (/home/adeeb/carla-ros-bridge/catkin_ws/devel/.private/global_planner/include/global_planner/Frenet2WorldServiceRequest.h, /home/adeeb/carla-ros-bridge/catkin_ws/devel/include/global_planner/Frenet2WorldServiceRequest.h)
Linked: (/home/adeeb/carla-ros-bridge/catkin_ws/devel/.private/global_planner/include/global_planner/World2FrenetServiceResponse.h, /home/adeeb/carla-ros-bridge/catkin_ws/devel/include/global_planner/World2FrenetServiceResponse.h)
Linked: (/home/adeeb/carla-ros-bridge/catkin_ws/devel/.private/global_planner/include/global_planner/FrenetPose.h, /home/adeeb/carla-ros-bridge/catkin_ws/devel/include/global_planner/FrenetPose.h)
