[  0%] Built target geometry_msgs_generate_messages_eus
[  0%] Built target std_msgs_generate_messages_eus
[  0%] Built target nav_msgs_generate_messages_eus
[  0%] Built target std_msgs_generate_messages_cpp
[  0%] Built target geometry_msgs_generate_messages_py
[  0%] Built target geometry_msgs_generate_messages_cpp
[  0%] Built target nav_msgs_generate_messages_py
[  0%] Built target std_msgs_generate_messages_py
[  0%] Built target geometry_msgs_generate_messages_lisp
[  0%] Built target nav_msgs_generate_messages_lisp
[  0%] Built target nav_msgs_generate_messages_nodejs
[  0%] Built target std_msgs_generate_messages_lisp
[  0%] Built target nav_msgs_generate_messages_cpp
[  0%] Built target std_msgs_generate_messages_nodejs
[  0%] Built target geometry_msgs_generate_messages_nodejs
[  0%] Built target _global_planner_generate_messages_check_deps_WorldPose
[  0%] Built target _global_planner_generate_messages_check_deps_FrenetPose
[  0%] Built target _global_planner_generate_messages_check_deps_Frenet2WorldService
[  0%] Built target _global_planner_generate_messages_check_deps_World2FrenetService
[ 56%] Built target global_planner_generate_messages_lisp
[ 56%] Built target global_planner_generate_messages_eus
[ 56%] Built target global_planner_generate_messages_nodejs
[100%] Built target global_planner_generate_messages_py
[100%] Built target global_planner_generate_messages_cpp
[100%] Built target global_planner_generate_messages
