Symlinking /home/adeeb/carla-ros-bridge/catkin_ws/devel/share/roseus/ros/global_planner/manifest.l
Symlinking /home/adeeb/carla-ros-bridge/catkin_ws/devel/share/roseus/ros/global_planner/msg/WorldPose.l
Symlinking /home/adeeb/carla-ros-bridge/catkin_ws/devel/share/roseus/ros/global_planner/msg/FrenetPose.l
Symlinking /home/adeeb/carla-ros-bridge/catkin_ws/devel/share/roseus/ros/global_planner/srv/Frenet2WorldService.l
Symlinking /home/adeeb/carla-ros-bridge/catkin_ws/devel/share/roseus/ros/global_planner/srv/World2FrenetService.l
Symlinking /home/adeeb/carla-ros-bridge/catkin_ws/devel/share/gennodejs/ros/global_planner/_index.js
Symlinking /home/adeeb/carla-ros-bridge/catkin_ws/devel/share/gennodejs/ros/global_planner/msg/FrenetPose.js
Symlinking /home/adeeb/carla-ros-bridge/catkin_ws/devel/share/gennodejs/ros/global_planner/msg/WorldPose.js
Symlinking /home/adeeb/carla-ros-bridge/catkin_ws/devel/share/gennodejs/ros/global_planner/msg/_index.js
Symlinking /home/adeeb/carla-ros-bridge/catkin_ws/devel/share/gennodejs/ros/global_planner/srv/Frenet2WorldService.js
Symlinking /home/adeeb/carla-ros-bridge/catkin_ws/devel/share/gennodejs/ros/global_planner/srv/World2FrenetService.js
Symlinking /home/adeeb/carla-ros-bridge/catkin_ws/devel/share/gennodejs/ros/global_planner/srv/_index.js
Symlinking /home/adeeb/carla-ros-bridge/catkin_ws/devel/share/global_planner/cmake/global_planner-msg-extras.cmake
Symlinking /home/adeeb/carla-ros-bridge/catkin_ws/devel/share/global_planner/cmake/global_planner-msg-paths.cmake
Symlinking /home/adeeb/carla-ros-bridge/catkin_ws/devel/share/global_planner/cmake/global_plannerConfig-version.cmake
Symlinking /home/adeeb/carla-ros-bridge/catkin_ws/devel/share/global_planner/cmake/global_plannerConfig.cmake
Symlinking /home/adeeb/carla-ros-bridge/catkin_ws/devel/share/common-lisp/ros/global_planner/msg/WorldPose.lisp
Symlinking /home/adeeb/carla-ros-bridge/catkin_ws/devel/share/common-lisp/ros/global_planner/msg/global_planner-msg.asd
Symlinking /home/adeeb/carla-ros-bridge/catkin_ws/devel/share/common-lisp/ros/global_planner/msg/_package_WorldPose.lisp
Symlinking /home/adeeb/carla-ros-bridge/catkin_ws/devel/share/common-lisp/ros/global_planner/msg/FrenetPose.lisp
Symlinking /home/adeeb/carla-ros-bridge/catkin_ws/devel/share/common-lisp/ros/global_planner/msg/_package_FrenetPose.lisp
Symlinking /home/adeeb/carla-ros-bridge/catkin_ws/devel/share/common-lisp/ros/global_planner/msg/_package.lisp
Symlinking /home/adeeb/carla-ros-bridge/catkin_ws/devel/share/common-lisp/ros/global_planner/srv/_package_Frenet2WorldService.lisp
Symlinking /home/adeeb/carla-ros-bridge/catkin_ws/devel/share/common-lisp/ros/global_planner/srv/Frenet2WorldService.lisp
Symlinking /home/adeeb/carla-ros-bridge/catkin_ws/devel/share/common-lisp/ros/global_planner/srv/World2FrenetService.lisp
Symlinking /home/adeeb/carla-ros-bridge/catkin_ws/devel/share/common-lisp/ros/global_planner/srv/_package_World2FrenetService.lisp
Symlinking /home/adeeb/carla-ros-bridge/catkin_ws/devel/share/common-lisp/ros/global_planner/srv/global_planner-srv.asd
Symlinking /home/adeeb/carla-ros-bridge/catkin_ws/devel/share/common-lisp/ros/global_planner/srv/_package.lisp
Symlinking /home/adeeb/carla-ros-bridge/catkin_ws/devel/lib/python3/dist-packages/global_planner/__init__.py
Symlinking /home/adeeb/carla-ros-bridge/catkin_ws/devel/lib/python3/dist-packages/global_planner/msg/_FrenetPose.py
Symlinking /home/adeeb/carla-ros-bridge/catkin_ws/devel/lib/python3/dist-packages/global_planner/msg/_WorldPose.py
Symlinking /home/adeeb/carla-ros-bridge/catkin_ws/devel/lib/python3/dist-packages/global_planner/msg/__init__.py
Symlinking /home/adeeb/carla-ros-bridge/catkin_ws/devel/lib/python3/dist-packages/global_planner/srv/_Frenet2WorldService.py
Symlinking /home/adeeb/carla-ros-bridge/catkin_ws/devel/lib/python3/dist-packages/global_planner/srv/_World2FrenetService.py
Symlinking /home/adeeb/carla-ros-bridge/catkin_ws/devel/lib/python3/dist-packages/global_planner/srv/__init__.py
Symlinking /home/adeeb/carla-ros-bridge/catkin_ws/devel/lib/global_planner/global_path_publisher.py
Symlinking /home/adeeb/carla-ros-bridge/catkin_ws/devel/lib/global_planner/cmake.lock
Symlinking /home/adeeb/carla-ros-bridge/catkin_ws/devel/lib/global_planner/frenet_world_converter.py
Symlinking /home/adeeb/carla-ros-bridge/catkin_ws/devel/lib/pkgconfig/global_planner.pc
Symlinking /home/adeeb/carla-ros-bridge/catkin_ws/devel/include/global_planner/Frenet2WorldServiceResponse.h
Symlinking /home/adeeb/carla-ros-bridge/catkin_ws/devel/include/global_planner/Frenet2WorldService.h
Symlinking /home/adeeb/carla-ros-bridge/catkin_ws/devel/include/global_planner/World2FrenetService.h
Symlinking /home/adeeb/carla-ros-bridge/catkin_ws/devel/include/global_planner/World2FrenetServiceRequest.h
Symlinking /home/adeeb/carla-ros-bridge/catkin_ws/devel/include/global_planner/WorldPose.h
Symlinking /home/adeeb/carla-ros-bridge/catkin_ws/devel/include/global_planner/Frenet2WorldServiceRequest.h
Symlinking /home/adeeb/carla-ros-bridge/catkin_ws/devel/include/global_planner/World2FrenetServiceResponse.h
Symlinking /home/adeeb/carla-ros-bridge/catkin_ws/devel/include/global_planner/FrenetPose.h
