[  0%] Built target carla_msgs_generate_messages_lisp
[  0%] Built target carla_msgs_generate_messages_py
[  0%] Built target std_msgs_generate_messages_cpp
[  0%] Built target std_msgs_generate_messages_lisp
[  0%] Built target std_msgs_generate_messages_py
[  0%] Built target carla_msgs_generate_messages_cpp
[  0%] Built target std_msgs_generate_messages_nodejs
[  0%] Built target carla_msgs_generate_messages_nodejs
[  0%] Built target std_msgs_generate_messages_eus
[  0%] Built target carla_msgs_generate_messages_eus
[  0%] Built target _carla_ackermann_msgs_generate_messages_check_deps_EgoVehicleControlInfo
[  0%] Built target _carla_ackermann_msgs_generate_messages_check_deps_EgoVehicleControlTarget
[  0%] Built target _carla_ackermann_msgs_generate_messages_check_deps_EgoVehicleControlMaxima
[  0%] Built target _carla_ackermann_msgs_generate_messages_check_deps_EgoVehicleControlStatus
[  0%] Built target _carla_ackermann_msgs_generate_messages_check_deps_EgoVehicleControlCurrent
make[2]: *** No rule to make target '/home/adeeb/carla-ros-bridge/catkin_ws/src/ros-bridge/carla_msgs/msg/CarlaEgoVehicleControl.msg', needed by '/home/adeeb/carla-ros-bridge/catkin_ws/devel/.private/carla_ackermann_msgs/lib/python3/dist-packages/carla_ackermann_msgs/msg/_EgoVehicleControlInfo.py'.  Stop.
make[1]: *** [CMakeFiles/Makefile2:773: CMakeFiles/carla_ackermann_msgs_generate_messages_py.dir/all] Error 2
make[1]: *** Waiting for unfinished jobs....
make[2]: *** No rule to make target '/home/adeeb/carla-ros-bridge/catkin_ws/src/ros-bridge/carla_msgs/msg/CarlaEgoVehicleControl.msg', needed by '/home/adeeb/carla-ros-bridge/catkin_ws/devel/.private/carla_ackermann_msgs/share/gennodejs/ros/carla_ackermann_msgs/msg/EgoVehicleControlInfo.js'.  Stop.
make[2]: *** No rule to make target '/home/adeeb/carla-ros-bridge/catkin_ws/src/ros-bridge/carla_msgs/msg/CarlaEgoVehicleControl.msg', needed by '/home/adeeb/carla-ros-bridge/catkin_ws/devel/.private/carla_ackermann_msgs/share/common-lisp/ros/carla_ackermann_msgs/msg/EgoVehicleControlInfo.lisp'.  Stop.
make[1]: *** [CMakeFiles/Makefile2:182: CMakeFiles/carla_ackermann_msgs_generate_messages_nodejs.dir/all] Error 2
make[1]: *** [CMakeFiles/Makefile2:269: CMakeFiles/carla_ackermann_msgs_generate_messages_lisp.dir/all] Error 2
make[2]: *** No rule to make target '/home/adeeb/carla-ros-bridge/catkin_ws/src/ros-bridge/carla_msgs/msg/CarlaEgoVehicleControl.msg', needed by '/home/adeeb/carla-ros-bridge/catkin_ws/devel/.private/carla_ackermann_msgs/include/carla_ackermann_msgs/EgoVehicleControlInfo.h'.  Stop.
make[1]: *** [CMakeFiles/Makefile2:302: CMakeFiles/carla_ackermann_msgs_generate_messages_cpp.dir/all] Error 2
make[2]: *** No rule to make target '/home/adeeb/carla-ros-bridge/catkin_ws/src/ros-bridge/carla_msgs/msg/CarlaEgoVehicleControl.msg', needed by '/home/adeeb/carla-ros-bridge/catkin_ws/devel/.private/carla_ackermann_msgs/share/roseus/ros/carla_ackermann_msgs/msg/EgoVehicleControlInfo.l'.  Stop.
make[1]: *** [CMakeFiles/Makefile2:470: CMakeFiles/carla_ackermann_msgs_generate_messages_eus.dir/all] Error 2
make: *** [Makefile:141: all] Error 2
